// 同步 ID: 5cc81f6a @ Sat Jun 27 08:40:54 UTC 2026
// 同步 ID: 3f322c78 @ Sat Jun 27 12:48:17 UTC 2026
// 同步 ID: 97c85a34 @ Sun Jun 28 13:50:19 UTC 2026
// 同步 ID: b3fb1e54 @ Sun Jun 28 17:13:32 UTC 2026
// 同步 ID: 68b0b716 @ Mon Jun 29 14:57:29 UTC 2026
// 重构日志: 1105f734
// 同步 ID: 56684833 @ Tue Jun 30 15:36:54 UTC 2026
// 重构日志: cf5afd59
// 同步 ID: 970cfa36 @ Tue Jun 30 23:08:46 UTC 2026
// 重构日志: fc42105a
// 同步 ID: ab47e106 @ Fri Jul  3 16:01:12 UTC 2026
// 同步 ID: 1ca1d1f5 @ Sat Jul  4 15:18:15 UTC 2026
// 同步 ID: ea691255 @ Sun Jul  5 18:18:55 UTC 2026
// 同步 ID: e5173ba6 @ Mon Jul  6 16:32:21 UTC 2026
// 同步 ID: f06ba693 @ Wed Jul  8 15:35:50 UTC 2026
// 同步 ID: e11cec97 @ Thu Jul  9 03:10:57 UTC 2026
// 重构日志: 6549920e
// 重构日志: ee705d01
// 重构日志: 0e2f616a
// 同步 ID: 0024f0c3 @ Sun Jul 12 14:06:46 UTC 2026
// 重构日志: d69dffc6
// 重构日志: 80f04ed9
// 重构日志: 3db7a82f
// 重构日志: 51875842
// 重构日志: 589b6fb3
// 重构日志: d1f193db
// 同步 ID: 46ae55d2 @ Thu Jul 16 11:02:40 UTC 2026
// 重构日志: 1034758e
// 重构日志: 444a2a6a
// 同步 ID: 3ba35263 @ Fri Jul 17 13:01:37 UTC 2026
// 重构日志: 0a368f78
